[2021-07-22 12:23:15][Bilibili][Info] 开始签到哔哩哔哩
[2021-07-22 12:23:15][Bilibili][Info] 耗时 0.002 秒。
[2021-07-22 12:23:15][Bilibili][Info] 完成
[2021-07-22 12:24:02][Bilibili][Info] 开始签到哔哩哔哩
[2021-07-22 12:24:02][Bilibili][Info] 耗时 0.002 秒。
[2021-07-22 12:24:02][Bilibili][Info] 完成
[2021-07-22 12:24:18][Bilibili][Info] 开始签到哔哩哔哩
[2021-07-22 12:24:18][Bilibili][Info] 耗时 0.002 秒。
[2021-07-22 12:24:18][Bilibili][Info] 完成
[2021-07-23 09:45:13][Bilibili][Info] 开始签到哔哩哔哩
[2021-07-23 09:45:13][Bilibili][Info] 耗时 0 秒。
[2021-07-23 09:45:13][Bilibili][Info] 完成
[2021-07-23 09:46:06][Bilibili][Info] 开始签到哔哩哔哩
[2021-07-23 09:46:06][Bilibili][Info] 耗时 0.001 秒。
[2021-07-23 09:46:06][Bilibili][Info] 完成
[2021-07-23 09:47:25][Bilibili][Info] 开始签到哔哩哔哩
[2021-07-23 09:47:25][Bilibili][Info] 耗时 0.003 秒。
[2021-07-23 09:47:25][Bilibili][Info] 完成
[2021-07-23 09:48:28][Bilibili][Info] 开始签到哔哩哔哩
[2021-07-23 09:49:15][Bilibili][Info] 开始签到哔哩哔哩
[2021-07-23 09:51:04][Bilibili][Info] 开始签到哔哩哔哩
[2021-07-23 09:52:56][Bilibili][Info] 开始签到哔哩哔哩
[2021-07-23 09:52:56][Bilibili][Info] 耗时 0.006 秒。
[2021-07-23 09:52:56][Bilibili][Info] 完成
[2021-07-23 09:53:10][Bilibili][Info] 开始签到哔哩哔哩
[2021-07-23 09:53:20][Bilibili][Info] 开始签到哔哩哔哩
[2021-07-23 09:59:29][Bilibili][Info] 开始签到哔哩哔哩
[2021-07-23 10:00:23][Bilibili][Info] 开始签到哔哩哔哩
[2021-07-23 10:00:40][Bilibili][Info] 开始签到哔哩哔哩
[2021-07-23 10:00:40][Bilibili][Error] Cookie 已失效！请重新设置。
[2021-07-23 10:00:40][Bilibili][Info] 耗时 0.083 秒。
[2021-07-23 10:00:40][Bilibili][Info] 完成
[2021-07-23 10:02:23][Bilibili][Info] 开始签到哔哩哔哩
[2021-07-23 10:02:23][Bilibili][Error] Cookie 已失效！请重新设置。
[2021-07-23 10:02:23][Bilibili][Info] 耗时 0.302 秒。
[2021-07-23 10:02:23][Bilibili][Info] 完成
[2021-07-23 10:02:38][Bilibili][Info] 开始签到哔哩哔哩
[2021-07-23 10:02:38][Bilibili][Error] Cookie 已失效！请重新设置。
[2021-07-23 10:02:38][Bilibili][Info] 耗时 0.086 秒。
[2021-07-23 10:02:38][Bilibili][Info] 完成
[2021-07-23 10:02:48][Bilibili][Info] 开始签到哔哩哔哩
[2021-07-23 10:02:48][Bilibili][Error] Cookie 已失效！请重新设置。
[2021-07-23 10:02:48][Bilibili][Info] 耗时 0.076 秒。
[2021-07-23 10:02:48][Bilibili][Info] 完成
[2021-07-23 10:02:48][CloudMusic][Info] 开始签到网易云音乐
[2021-07-23 10:02:48][CloudMusic][Error] Cookie 已失效！
[2021-07-23 10:02:48][CloudMusic][Info] 耗时 0.243 秒。
[2021-07-23 10:02:48][CloudMusic][Info] 完成
[2021-07-23 10:02:48][TieBa][Info] 开始签到百度贴吧
[2021-07-23 10:02:48][TieBa][Info] 耗时 0.001 秒。
[2021-07-23 10:02:48][TieBa][Info] 完成
[2021-07-23 10:04:17][Bilibili][Info] 开始签到哔哩哔哩
[2021-07-23 10:04:18][Bilibili][Error] Cookie 已失效！请重新设置。
[2021-07-23 10:04:18][Bilibili][Info] 耗时 0.167 秒。
[2021-07-23 10:04:18][Bilibili][Info] 完成
[2021-07-23 10:04:18][CloudMusic][Info] 开始签到网易云音乐
[2021-07-23 10:04:18][CloudMusic][Error] Cookie 已失效！
[2021-07-23 10:04:18][CloudMusic][Info] 耗时 0.202 秒。
[2021-07-23 10:04:18][CloudMusic][Info] 完成
[2021-07-23 10:04:18][TieBa][Info] 开始签到百度贴吧
[2021-07-23 10:04:18][TieBa][Info] 耗时 0 秒。
[2021-07-23 10:04:18][TieBa][Info] 完成
[2021-07-23 10:05:43][Bilibili][Info] 开始签到哔哩哔哩
[2021-07-23 10:05:43][Bilibili][Info] 耗时 0.005 秒。
[2021-07-23 10:05:43][Bilibili][Info] 完成
[2021-07-23 10:05:43][CloudMusic][Info] 开始签到网易云音乐
[2021-07-23 10:05:43][CloudMusic][Info] 耗时 0.001 秒。
[2021-07-23 10:05:43][CloudMusic][Info] 完成
[2021-07-23 10:05:43][TieBa][Info] 开始签到百度贴吧
[2021-07-23 10:05:43][TieBa][Info] 耗时 0.001 秒。
[2021-07-23 10:05:43][TieBa][Info] 完成
[2021-07-23 10:06:06][Bilibili][Info] 开始签到哔哩哔哩
[2021-07-23 10:06:06][Bilibili][Info] 耗时 0 秒。
[2021-07-23 10:06:06][Bilibili][Info] 完成
[2021-07-23 10:06:06][CloudMusic][Info] 开始签到网易云音乐
[2021-07-23 10:06:06][CloudMusic][Info] 移动端重复签到
[2021-07-23 10:06:06][CloudMusic][Info] PC 端重复签到
[2021-07-23 10:06:06][CloudMusic][Info] 已签 7 天，云贝数量 1149
[2021-07-23 10:06:06][CloudMusic][Info] 耗时 0.559 秒。
[2021-07-23 10:06:06][CloudMusic][Info] 完成
[2021-07-23 10:06:06][TieBa][Info] 开始签到百度贴吧
[2021-07-23 10:06:06][TieBa][Info] 耗时 0 秒。
[2021-07-23 10:06:06][TieBa][Info] 完成
[2021-07-23 10:07:11][Bilibili][Info] 开始签到哔哩哔哩
[2021-07-23 10:07:12][Bilibili][Info] 账号 @X无法加载X 主站签到成功。硬币数量：500.5
[2021-07-23 10:07:12][Bilibili][Info] 账号 @X无法加载X 直播站今天已经签到过了
[2021-07-23 10:07:12][Bilibili][Info] 账号 @X无法加载X 漫画站今天已经签到过了
[2021-07-23 10:07:12][Bilibili][Info] 耗时 1.208 秒。
[2021-07-23 10:07:12][Bilibili][Info] 完成
[2021-07-23 10:07:12][CloudMusic][Info] 开始签到网易云音乐
[2021-07-23 10:07:12][CloudMusic][Info] 移动端重复签到
[2021-07-23 10:07:12][CloudMusic][Info] PC 端重复签到
[2021-07-23 10:07:13][CloudMusic][Info] 已签 7 天，云贝数量 1149
[2021-07-23 10:07:13][CloudMusic][Info] 耗时 0.563 秒。
[2021-07-23 10:07:13][CloudMusic][Info] 完成
[2021-07-23 10:07:13][TieBa][Info] 开始签到百度贴吧
[2021-07-23 10:07:14][TieBa][Info] androidx86吧 已签到
[2021-07-23 10:07:15][TieBa][Info] 安卓x86吧 已签到
[2021-07-23 10:07:15][TieBa][Info] windows吧 已签到
[2021-07-23 10:07:15][TieBa][Info] android吧 已签到
[2021-07-23 10:07:15][TieBa][Info] 虚拟机吧 已签到
[2021-07-23 10:07:15][TieBa][Info] windows10吧 已签到
[2021-07-23 10:07:16][TieBa][Info] virtualbox吧 已签到
[2021-07-23 10:07:16][TieBa][Info] jimdo吧 已签到
[2021-07-23 10:07:16][TieBa][Info] windows7吧 已签到
[2021-07-23 10:07:16][TieBa][Info] minecraft吧 已签到
[2021-07-23 10:07:16][TieBa][Info] 我的世界pe吧 已签到
[2021-07-23 10:07:17][TieBa][Info] minecraft图文吧 已签到
[2021-07-23 10:07:17][TieBa][Info] 我的世界手机版吧 已签到
[2021-07-23 10:07:17][TieBa][Info] minecraftpe红石吧 已签到
[2021-07-23 10:07:17][TieBa][Info] minecraftpe吧 已签到
[2021-07-23 10:07:17][TieBa][Info] 我的世界吧 已签到
[2021-07-23 10:07:18][TieBa][Info] hexo吧 已签到
[2021-07-23 10:07:18][TieBa][Info] 易语言吧 已签到
[2021-07-23 10:07:18][TieBa][Info] 凤凰os吧 已签到
[2021-07-23 10:07:18][TieBa][Info] mcpe吧 已签到
[2021-07-23 10:07:19][TieBa][Info] 命令方块吧 已签到
[2021-07-23 10:07:19][TieBa][Info] java吧 已签到
[2021-07-23 10:07:19][TieBa][Info] 洋葱数学吧 已签到
[2021-07-23 10:07:19][TieBa][Info] unity3d吧 已签到
[2021-07-23 10:07:19][TieBa][Info] 跳舞的线吧 已签到
[2021-07-23 10:07:20][TieBa][Info] gamemaker吧 已签到
[2021-07-23 10:07:20][TieBa][Info] 钢琴块2吧 已签到
[2021-07-23 10:07:20][TieBa][Info] undertale吧 已签到
[2021-07-23 10:07:20][TieBa][Info] c#吧 已签到
[2021-07-23 10:07:20][TieBa][Info] love2d吧 已签到
[2021-07-23 10:07:21][TieBa][Info] 云签到吧 已签到
[2021-07-23 10:07:21][TieBa][Info] mc吧 已签到
[2021-07-23 10:07:21][TieBa][Info] haxe吧 已签到
[2021-07-23 10:07:21][TieBa][Info] c吧 已签到
[2021-07-23 10:07:21][TieBa][Info] 小米吧 已签到
[2021-07-23 10:07:22][TieBa][Info] bilibili吧 已签到
[2021-07-23 10:07:22][TieBa][Info] 手机吧 已签到
[2021-07-23 10:07:22][TieBa][Info] php吧 已签到
[2021-07-23 10:07:22][TieBa][Info] vb吧 已签到
[2021-07-23 10:07:22][TieBa][Info] rainmeter吧 已签到
[2021-07-23 10:07:23][TieBa][Info] autohotkey吧 已签到
[2021-07-23 10:07:23][TieBa][Info] c语言吧 已签到
[2021-07-23 10:07:23][TieBa][Info] minecraft同人游戏吧 已签到
[2021-07-23 10:07:23][TieBa][Info] 方块启动器吧 已签到
[2021-07-23 10:07:24][TieBa][Info] blocklauncher插件吧 已签到
[2021-07-23 10:07:24][TieBa][Info] onenote吧 已签到
[2021-07-23 10:07:24][TieBa][Info] premiere吧 已签到
[2021-07-23 10:07:24][TieBa][Info] 洋垃圾吧 已签到
[2021-07-23 10:07:24][TieBa][Info] tc简单开发吧 已签到
[2021-07-23 10:07:25][TieBa][Info] unitale吧 已签到
[2021-07-23 10:07:25][TieBa][Info] adfly吧 已签到
[2021-07-23 10:07:25][TieBa][Info] 罗小黑战记吧 已签到
[2021-07-23 10:07:25][TieBa][Info] windows11吧 已签到
[2021-07-23 10:07:25][TieBa][Info] 云电脑吧 已签到
[2021-07-23 10:07:25][TieBa][Info] 已成功签到：54/54 个贴吧。
[2021-07-23 10:07:25][TieBa][Info] 耗时 12.714 秒。
[2021-07-23 10:07:25][TieBa][Info] 完成
[2021-07-23 10:18:51][Bilibili][Info] 开始签到哔哩哔哩
[2021-07-23 10:18:53][Bilibili][Info] 账号 @X无法加载X 主站签到成功。硬币数量：500.5
[2021-07-23 10:18:53][Bilibili][Info] 账号 @X无法加载X 直播站今天已经签到过了
[2021-07-23 10:18:53][Bilibili][Info] 账号 @X无法加载X 漫画站今天已经签到过了
[2021-07-23 10:18:53][Bilibili][Info] 耗时 1.253 秒。
[2021-07-23 10:18:53][Bilibili][Info] 完成
[2021-07-23 10:18:53][CloudMusic][Info] 开始签到网易云音乐
[2021-07-23 10:18:53][CloudMusic][Info] 移动端重复签到
[2021-07-23 10:18:53][CloudMusic][Info] PC 端重复签到
[2021-07-23 10:18:53][CloudMusic][Info] 已签 7 天，云贝数量 1149
[2021-07-23 10:18:53][CloudMusic][Info] 耗时 0.684 秒。
[2021-07-23 10:18:53][CloudMusic][Info] 完成
[2021-07-23 10:18:53][TieBa][Info] 开始签到百度贴吧
[2021-07-23 10:18:55][TieBa][Info] androidx86吧 已签到
[2021-07-23 10:18:55][TieBa][Info] 安卓x86吧 已签到
[2021-07-23 10:18:55][TieBa][Info] windows吧 已签到
[2021-07-23 10:18:56][TieBa][Info] android吧 已签到
[2021-07-23 10:18:56][TieBa][Info] 虚拟机吧 已签到
[2021-07-23 10:18:56][TieBa][Info] windows10吧 已签到
[2021-07-23 10:18:56][TieBa][Info] virtualbox吧 已签到
[2021-07-23 10:18:56][TieBa][Info] jimdo吧 已签到
[2021-07-23 10:18:57][TieBa][Info] windows7吧 已签到
[2021-07-23 10:18:57][TieBa][Info] minecraft吧 已签到
[2021-07-23 10:18:57][TieBa][Info] 我的世界pe吧 已签到
[2021-07-23 10:18:57][TieBa][Info] minecraft图文吧 已签到
[2021-07-23 10:18:57][TieBa][Info] 我的世界手机版吧 已签到
[2021-07-23 10:18:58][TieBa][Info] minecraftpe红石吧 已签到
[2021-07-23 10:18:58][TieBa][Info] minecraftpe吧 已签到
[2021-07-23 10:18:58][TieBa][Info] 我的世界吧 已签到
[2021-07-23 10:18:58][TieBa][Info] hexo吧 已签到
[2021-07-23 10:18:58][TieBa][Info] 易语言吧 已签到
[2021-07-23 10:18:59][TieBa][Info] 凤凰os吧 已签到
[2021-07-23 10:18:59][TieBa][Info] mcpe吧 已签到
[2021-07-23 10:18:59][TieBa][Info] 命令方块吧 已签到
[2021-07-23 10:18:59][TieBa][Info] java吧 已签到
[2021-07-23 10:18:59][TieBa][Info] 洋葱数学吧 已签到
[2021-07-23 10:19:00][TieBa][Info] unity3d吧 已签到
[2021-07-23 10:19:00][TieBa][Info] 跳舞的线吧 已签到
[2021-07-23 10:19:00][TieBa][Info] gamemaker吧 已签到
[2021-07-23 10:19:00][TieBa][Info] 钢琴块2吧 已签到
[2021-07-23 10:19:01][TieBa][Info] undertale吧 已签到
[2021-07-23 10:19:01][TieBa][Info] c#吧 已签到
[2021-07-23 10:19:01][TieBa][Info] love2d吧 已签到
[2021-07-23 10:19:01][TieBa][Info] 云签到吧 已签到
[2021-07-23 10:19:01][TieBa][Info] mc吧 已签到
[2021-07-23 10:19:02][TieBa][Info] haxe吧 已签到
[2021-07-23 10:19:02][TieBa][Info] c吧 已签到
[2021-07-23 10:19:02][TieBa][Info] 小米吧 已签到
[2021-07-23 10:19:02][TieBa][Info] bilibili吧 已签到
[2021-07-23 10:19:02][TieBa][Info] 手机吧 已签到
[2021-07-23 10:19:03][TieBa][Info] php吧 已签到
[2021-07-23 10:19:03][TieBa][Info] vb吧 已签到
[2021-07-23 10:19:03][TieBa][Info] rainmeter吧 已签到
[2021-07-23 10:19:03][TieBa][Info] autohotkey吧 已签到
[2021-07-23 10:19:03][TieBa][Info] c语言吧 已签到
[2021-07-23 10:19:04][TieBa][Info] minecraft同人游戏吧 已签到
[2021-07-23 10:19:04][TieBa][Info] 方块启动器吧 已签到
[2021-07-23 10:19:04][TieBa][Info] blocklauncher插件吧 已签到
[2021-07-23 10:19:04][TieBa][Info] onenote吧 已签到
[2021-07-23 10:19:04][TieBa][Info] premiere吧 已签到
[2021-07-23 10:19:05][TieBa][Info] 洋垃圾吧 已签到
[2021-07-23 10:19:05][TieBa][Info] tc简单开发吧 已签到
[2021-07-23 10:19:05][TieBa][Info] unitale吧 已签到
[2021-07-23 10:19:05][TieBa][Info] adfly吧 已签到
[2021-07-23 10:19:05][TieBa][Info] 罗小黑战记吧 已签到
[2021-07-23 10:19:06][TieBa][Info] windows11吧 已签到
[2021-07-23 10:19:06][TieBa][Info] 云电脑吧 已签到
[2021-07-23 10:19:06][TieBa][Info] 已成功签到：54/54 个贴吧。
[2021-07-23 10:19:06][TieBa][Info] 耗时 12.462 秒。
[2021-07-23 10:19:06][TieBa][Info] 完成
[2021-07-23 10:32:54][Bilibili][Info] 开始签到哔哩哔哩
[2021-07-23 10:32:54][Bilibili][Info] 耗时 0 秒。
[2021-07-23 10:32:54][Bilibili][Info] 完成
[2021-07-23 10:32:54][CloudMusic][Info] 开始签到网易云音乐
[2021-07-23 10:32:54][CloudMusic][Info] 耗时 0.001 秒。
[2021-07-23 10:32:54][CloudMusic][Info] 完成
[2021-07-23 10:32:54][TieBa][Info] 开始签到百度贴吧
[2021-07-23 10:32:54][TieBa][Info] 已成功签到：0/0 个贴吧。
[2021-07-23 10:32:54][TieBa][Info] 耗时 0.71 秒。
[2021-07-23 10:32:54][TieBa][Info] 完成
[2021-07-23 10:33:03][Bilibili][Info] 开始签到哔哩哔哩
[2021-07-23 10:33:03][Bilibili][Info] 耗时 0.001 秒。
[2021-07-23 10:33:03][Bilibili][Info] 完成
[2021-07-23 10:33:03][CloudMusic][Info] 开始签到网易云音乐
[2021-07-23 10:33:03][CloudMusic][Info] 耗时 0 秒。
[2021-07-23 10:33:03][CloudMusic][Info] 完成
[2021-07-23 10:33:03][TieBa][Info] 开始签到百度贴吧
[2021-07-23 10:33:03][TieBa][Info] 已成功签到：0/0 个贴吧。
[2021-07-23 10:33:03][TieBa][Info] 耗时 0.772 秒。
[2021-07-23 10:33:03][TieBa][Info] 完成
[2021-07-23 10:34:19][TieBa][Info] 开始签到百度贴吧
[2021-07-23 10:34:19][TieBa][Info] 已成功签到：0/0 个贴吧。
[2021-07-23 10:34:19][TieBa][Info] 耗时 0.762 秒。
[2021-07-23 10:34:19][TieBa][Info] 完成
